INFO 2016-12-01 19:24:24,364 signals: Student updated: cbcb cbcb (ID: 5)
INFO 2016-12-01 19:25:13,297 signals: Exam deleted: 656 (ID: 6)
INFO 2016-12-01 19:27:06,677 signals: Exam deleted: 656 (ID: 5)
INFO 2016-12-01 19:40:22,565 signals: Exam updated: cb (ID: 9)
INFO 2016-12-24 21:05:12,818 signals: Group updated: MT12 (ID: 6)
INFO 2016-12-24 21:08:07,447 signals: Group updated: MT12 (ID: 6)
INFO 2016-12-24 21:10:20,220 signals: Group updated: fff3 (ID: 7)
INFO 2016-12-24 21:16:01,906 signals: Group updated: e9 (ID: 8)
INFO 2016-12-24 21:17:01,110 signals: Group updated: fff3 (ID: 7)
INFO 2016-12-24 21:18:13,514 signals: Group updated: fff322222 (ID: 7)
INFO 2016-12-24 21:18:25,674 signals: Group updated: MT1555 (ID: 6)
INFO 2016-12-24 21:21:05,550 signals: Student updated: cbcb257454546 cbcb (ID: 5)
INFO 2016-12-24 21:25:16,845 signals: Group updated: fff322222 (ID: 7)
INFO 2016-12-24 21:27:22,104 signals: Student updated: cbcb257454546 cbcb (ID: 5)
INFO 2016-12-24 21:27:57,939 signals: Student updated: cbcb257454546 cbcb (ID: 5)
INFO 2016-12-24 21:28:08,168 signals: Student updated: cbcb257454546 cbcb (ID: 5)
INFO 2016-12-24 21:31:29,057 signals: Group added: fghnfn (ID: 15)
INFO 2016-12-24 21:49:36,223 signals: Group updated: sdcs (ID: 7)
INFO 2016-12-24 21:52:43,327 signals: Group updated: ghm (ID: 7)
INFO 2016-12-24 21:52:59,408 signals: Group updated: MT4444 (ID: 6)
INFO 2016-12-24 22:08:11,514 signals: Group updated: п (ID: 6)
INFO 2016-12-25 20:40:00,283 signals: Group updated: dfg (ID: 6)
INFO 2016-12-25 20:40:06,150 signals: Group updated: ghm (ID: 7)
INFO 2017-01-02 19:59:06,405 signals: Group updated: dfg (ID: 6)
INFO 2017-01-02 20:02:58,882 signals: Student updated: cbcb257454546 cbcb (ID: 5)
INFO 2017-01-02 20:11:08,083 signals: Student added: dd gdgbd (ID: 15)
INFO 2017-01-02 20:15:29,026 signals: Student updated: cbcb257454546 cbcb (ID: 5)
INFO 2017-01-02 20:15:53,104 signals: Student updated: ddd5 hg (ID: 4)
INFO 2017-01-02 20:16:13,683 signals: Student updated: ddd5 hg (ID: 4)
INFO 2017-01-02 20:16:23,884 signals: Student updated: cbcb257454546 cbcb (ID: 5)
INFO 2017-01-02 20:16:36,623 signals: Student updated: ergre ergreg (ID: 7)
INFO 2017-01-02 20:16:59,905 signals: Group updated: dfg (ID: 6)
INFO 2017-01-02 20:20:47,573 signals: Group updated: e9 (ID: 8)
INFO 2017-01-02 20:22:13,274 signals: Student updated: cbcb257454546 cbcb (ID: 5)
INFO 2017-01-02 20:23:43,946 signals: Student updated: ddd5 hg (ID: 4)
INFO 2017-01-02 20:24:01,451 signals: Student updated: ddd5 hg (ID: 4)
INFO 2017-01-02 21:25:02,996 signals: Student updated: cbcb257454546 cbcb (ID: 5)
INFO 2017-01-02 21:25:13,355 signals: Student updated: ddd5 hg (ID: 4)
INFO 2017-01-02 21:25:22,347 signals: Student updated: cbcb257454546 cbcb (ID: 5)
INFO 2017-01-02 21:25:30,592 signals: Student updated: cbcb257454546 cbcb (ID: 5)
INFO 2017-01-04 21:20:54,932 signals: Group updated: dfg (ID: 6)
INFO 2017-01-04 21:22:11,518 signals: Student deleted: frew dfv (ID: 14)
INFO 2017-01-04 21:22:33,711 signals: Student deleted: gre dr (ID: 13)
INFO 2017-01-04 21:22:33,712 signals: Student deleted: dgf dfgdf (ID: 11)
INFO 2017-01-04 21:22:33,712 signals: Student deleted: л452cbcbc bc (ID: 9)
INFO 2017-01-04 21:22:33,714 signals: Student deleted: ergre ergreg (ID: 7)
INFO 2017-01-04 21:22:33,715 signals: Student deleted: cbcb257454546 cbcb (ID: 5)
INFO 2017-01-04 21:22:47,599 signals: Student deleted: dd gdgbd (ID: 15)
INFO 2017-01-04 21:22:47,600 signals: Student deleted: sdfv svs (ID: 12)
INFO 2017-01-04 21:22:47,601 signals: Student deleted: dfv xfv (ID: 10)
INFO 2017-01-04 21:22:47,602 signals: Student deleted: sdfsdsdfc fd (ID: 8)
INFO 2017-01-04 21:22:47,602 signals: Student deleted: ddd5 hg (ID: 4)
INFO 2017-01-04 21:23:00,925 signals: Exam deleted: cb (ID: 9)
INFO 2017-01-04 21:23:00,925 signals: Exam deleted: gf (ID: 7)
INFO 2017-01-04 21:23:00,926 signals: Exam deleted: dfvds (ID: 1)
INFO 2017-01-04 21:23:37,734 signals: Group deleted: dcs (ID: 14)
INFO 2017-01-04 21:23:37,735 signals: Group deleted: dfvdv (ID: 13)
INFO 2017-01-04 21:23:37,735 signals: Group deleted: dfvds (ID: 11)
INFO 2017-01-04 21:23:37,736 signals: Group deleted: dffdgfdbfbfg (ID: 9)
INFO 2017-01-04 21:23:37,736 signals: Group deleted: dfg (ID: 6)
INFO 2017-01-04 21:23:47,235 signals: Group deleted: fghnfn (ID: 15)
INFO 2017-01-04 21:23:47,236 signals: Group deleted: sdcs (ID: 12)
INFO 2017-01-04 21:23:47,236 signals: Group deleted: nfn (ID: 10)
INFO 2017-01-04 21:23:47,237 signals: Group deleted: e9 (ID: 8)
INFO 2017-01-04 21:23:47,237 signals: Group deleted: ghm (ID: 7)
INFO 2017-01-04 21:24:11,274 signals: Group added: 11 (ID: 16)
INFO 2017-01-04 21:24:33,681 signals: Student added: dd dd (ID: 16)
INFO 2017-01-04 21:24:56,906 signals: Student added: tt tt (ID: 17)
INFO 2017-01-04 21:25:26,338 signals: Group added: tttt (ID: 17)
INFO 2017-01-04 21:25:41,812 signals: Group updated: 11 (ID: 16)
INFO 2017-01-04 21:25:49,601 signals: Group updated: 11 (ID: 16)
INFO 2017-01-04 21:26:13,881 signals: Student added: ee ee (ID: 18)
INFO 2017-01-04 21:26:26,445 signals: Group updated: tttt (ID: 17)
INFO 2017-01-04 21:27:43,646 signals: Student updated: tt tt (ID: 17)
INFO 2017-01-04 21:28:55,204 signals: Student deleted: ee ee (ID: 18)
INFO 2017-01-04 21:28:55,205 signals: Student deleted: tt tt (ID: 17)
INFO 2017-01-04 21:28:55,205 signals: Student deleted: dd dd (ID: 16)
INFO 2017-01-04 21:29:20,785 signals: Group deleted: tttt (ID: 17)
INFO 2017-01-04 21:29:20,785 signals: Group deleted: 11 (ID: 16)
INFO 2017-01-04 21:29:34,337 signals: Group added: 1 (ID: 18)
INFO 2017-01-04 21:29:41,131 signals: Group added: 2 (ID: 19)
INFO 2017-01-04 21:30:11,723 signals: Student added: first d (ID: 19)
INFO 2017-01-04 21:30:30,918 signals: Student added: second d (ID: 20)
INFO 2017-01-04 21:33:25,558 signals: Group updated: 1 (ID: 18)
INFO 2017-01-04 21:33:42,812 signals: Student updated: first d (ID: 19)
INFO 2017-01-04 21:37:53,545 signals: Student updated: first d (ID: 19)
INFO 2017-01-04 21:38:07,159 signals: Student updated: first d (ID: 19)
INFO 2017-01-04 21:38:12,862 signals: Student updated: first d (ID: 19)
INFO 2017-01-04 21:40:13,864 signals: Student updated: first d (ID: 19)
INFO 2017-01-04 21:40:20,639 signals: Student updated: first d (ID: 19)
INFO 2017-01-04 21:47:56,785 signals: Student updated: first d (ID: 19)
INFO 2017-01-04 21:48:03,628 signals: Student updated: first d (ID: 19)
INFO 2017-01-04 21:49:04,435 signals: Student updated: first d (ID: 19)
INFO 2017-01-04 21:49:10,113 signals: Student updated: first d (ID: 19)
INFO 2017-01-04 21:50:30,203 signals: Student updated: first d (ID: 19)
INFO 2017-01-04 21:50:35,109 signals: Student updated: first d (ID: 19)
INFO 2017-01-04 21:53:24,330 signals: Student updated: first d (ID: 19)
INFO 2017-01-04 21:53:29,041 signals: Student updated: first d (ID: 19)
INFO 2017-01-04 21:54:05,596 signals: Student updated: first d (ID: 19)
INFO 2017-01-04 21:54:10,732 signals: Student updated: first d (ID: 19)
INFO 2017-01-05 17:17:34,672 signals: Student updated: first d (ID: 19)
INFO 2017-01-05 18:51:07,545 signals: Exam added: dgdf (ID: 1)
INFO 2017-01-05 18:53:47,178 signals: Student updated: first d (ID: 19)
INFO 2017-01-05 18:55:42,877 signals: Student updated: second d (ID: 20)
INFO 2017-01-05 19:04:03,522 signals: Student updated: first d (ID: 19)
INFO 2017-01-05 19:04:27,199 signals: Student updated: first d (ID: 19)
INFO 2017-01-05 19:05:17,834 signals: Student updated: first d (ID: 19)
INFO 2017-01-05 19:05:22,443 signals: Student updated: first d (ID: 19)
INFO 2017-01-05 19:05:30,967 signals: Student updated: first d (ID: 19)
INFO 2017-01-05 19:05:38,611 signals: Student updated: first d (ID: 19)
INFO 2017-01-05 21:35:40,144 signals: Group updated: 1 (ID: 18)
INFO 2017-01-05 21:35:57,325 signals: Student updated: second d (ID: 20)
INFO 2017-01-05 21:36:08,033 signals: Student updated: second d (ID: 20)
INFO 2017-01-05 21:40:51,380 signals: Student updated: second d (ID: 20)
INFO 2017-01-05 21:40:56,860 signals: Student updated: second d (ID: 20)
INFO 2017-01-05 21:41:05,138 signals: Student updated: second d (ID: 20)
INFO 2017-01-05 21:41:09,228 signals: Student updated: second d (ID: 20)
